-------------------------------------------------------------------------------
Test set: test.CRMTest
-------------------------------------------------------------------------------
Tests run: 1, Failures: 1, Errors: 0, Skipped: 0, Time elapsed: 2.869 sec <<< FAILURE!
createQuickDraft(test.CRMTest)  Time elapsed: 2.298 sec  <<< FAILURE!
org.openqa.selenium.SessionNotCreatedException: session not created: This version of ChromeDriver only supports Chrome version 81
Build info: version: '3.7.1', revision: '8a0099a', time: '2017-11-06T21:01:39.354Z'
System info: host: 'DESKTOP-43FULGJ', ip: '192.168.1.15', os.name: 'Windows 10', os.arch: 'amd64', os.version: '10.0', java.version: '1.8.0_221'
Driver info: driver.version: ChromeDriver
remote stacktrace: Backtrace:
	Ordinal0 [0x002C5F73+2449267]
	Ordinal0 [0x001F8361+1606497]
	Ordinal0 [0x000EF969+522601]
	Ordinal0 [0x000805F3+67059]
	Ordinal0 [0x0007CD92+52626]
	Ordinal0 [0x0009C127+180519]
	Ordinal0 [0x0009BF2D+180013]
	Ordinal0 [0x00099E5B+171611]
	Ordinal0 [0x00081DD8+73176]
	Ordinal0 [0x00082E50+77392]
	Ordinal0 [0x00082DE9+77289]
	Ordinal0 [0x0020D8D7+1693911]
	GetHandleVerifier [0x00364036+522726]
	GetHandleVerifier [0x00363D74+522020]
	GetHandleVerifier [0x00379187+609079]
	GetHandleVerifier [0x003648A6+524886]
	Ordinal0 [0x00205CBC+1662140]
	Ordinal0 [0x0020F23B+1700411]
	Ordinal0 [0x0020F3A3+1700771]
	Ordinal0 [0x00225215+1790485]
	BaseThreadInitThunk [0x77766359+25]
	RtlGetAppContainerNamedObjectPath [0x778F7C24+228]
	RtlGetAppContainerNamedObjectPath [0x778F7BF4+180]
	(No symbol) [0x00000000]

	at sun.reflect.NativeConstructorAccessorImpl.newInstance0(Native Method)
	at sun.reflect.NativeConstructorAccessorImpl.newInstance(NativeConstructorAccessorImpl.java:62)
	at sun.reflect.DelegatingConstructorAccessorImpl.newInstance(DelegatingConstructorAccessorImpl.java:45)
	at java.lang.reflect.Constructor.newInstance(Constructor.java:423)
	at org.openqa.selenium.remote.W3CHandshakeResponse.lambda$new$0(W3CHandshakeResponse.java:57)
	at org.openqa.selenium.remote.W3CHandshakeResponse.lambda$getResponseFunction$2(W3CHandshakeResponse.java:104)
	at org.openqa.selenium.remote.ProtocolHandshake.lambda$createSession$0(ProtocolHandshake.java:123)
	at java.util.stream.ReferencePipeline$3$1.accept(ReferencePipeline.java:193)
	at java.util.Spliterators$ArraySpliterator.tryAdvance(Spliterators.java:958)
	at java.util.stream.ReferencePipeline.forEachWithCancel(ReferencePipeline.java:126)
	at java.util.stream.AbstractPipeline.copyIntoWithCancel(AbstractPipeline.java:499)
	at java.util.stream.AbstractPipeline.copyInto(AbstractPipeline.java:486)
	at java.util.stream.AbstractPipeline.wrapAndCopyInto(AbstractPipeline.java:472)
	at java.util.stream.FindOps$FindOp.evaluateSequential(FindOps.java:152)
	at java.util.stream.AbstractPipeline.evaluate(AbstractPipeline.java:234)
	at java.util.stream.ReferencePipeline.findFirst(ReferencePipeline.java:464)
	at org.openqa.selenium.remote.ProtocolHandshake.createSession(ProtocolHandshake.java:126)
	at org.openqa.selenium.remote.ProtocolHandshake.createSession(ProtocolHandshake.java:73)
	at org.openqa.selenium.remote.HttpCommandExecutor.execute(HttpCommandExecutor.java:142)
	at org.openqa.selenium.remote.service.DriverCommandExecutor.execute(DriverCommandExecutor.java:83)
	at org.openqa.selenium.remote.RemoteWebDriver.execute(RemoteWebDriver.java:600)
	at org.openqa.selenium.remote.RemoteWebDriver.startSession(RemoteWebDriver.java:219)
	at org.openqa.selenium.remote.RemoteWebDriver.<init>(RemoteWebDriver.java:142)
	at org.openqa.selenium.chrome.ChromeDriver.<init>(ChromeDriver.java:181)
	at org.openqa.selenium.chrome.ChromeDriver.<init>(ChromeDriver.java:168)
	at org.openqa.selenium.chrome.ChromeDriver.<init>(ChromeDriver.java:123)
	at util.CRMBrowserFactory.startBrowser(CRMBrowserFactory.java:16)
	at test.CRMTest.createQuickDraft(CRMTest.java:16)

